{
  "RSpec": {
    "coverage": {
      "/home/carlos/carlos/git/babel/mission-us-backend/spec/models/activity_spec.rb": [
        1,
        null,
        1,
        1,
        1,
        null,
        null,
        1,
        1,
        1,
        null,
        null
      ],
      "/home/carlos/carlos/git/babel/mission-us-backend/spec/rails_helper.rb": [
        1,
        1,
        1,
        1,
        1,
        null,
        1,
        null,
        1,
        1,
        1,
        1,
        null,
        null,
        null,
        1,
        1,
        null,
        1,
        null,
        1,
        null,
        1,
        null,
        1,
        null,
        1,
        1,
        null,
        null,
        1,
        9,
        null,
        null,
        1,
        0,
        null,
        null,
        1,
        9,
        null,
        null,
        1,
        9,
        null,
        null
      ],
      "/home/carlos/carlos/git/babel/mission-us-backend/config/environment.rb": [
        null,
        1,
        null,
        null,
        1
      ],
      "/home/carlos/carlos/git/babel/mission-us-backend/config/application.rb": [
        1,
        null,
        1,
        null,
        1,
        1,
        1,
        1,
        1,
        1,
        1,
        1,
        null,
        null,
        null,
        null,
        null,
        1,
        null,
        1,
        1,
        null,
        1,
        null,
        null,
        null,
        null,
        null,
        null,
        null,
        null,
        null,
        1,
        null,
        null
      ],
      "/home/carlos/carlos/git/babel/mission-us-backend/config/boot.rb": [
        1,
        null,
        1,
        1
      ],
      "/home/carlos/carlos/git/babel/mission-us-backend/config/environments/test.rb": [
        1,
        null,
        null,
        null,
        null,
        null,
        null,
        1,
        null,
        null,
        null,
        null,
        1,
        null,
        null,
        1,
        1,
        null,
        null,
        null,
        null,
        1,
        1,
        null,
        null,
        1,
        null,
        null,
        1,
        null,
        null,
        1,
        null,
        1,
        null,
        null,
        null,
        null,
        1,
        null,
        null,
        1,
        null,
        null,
        null,
        null
      ],
      "/home/carlos/carlos/git/babel/mission-us-backend/config/initializers/application_controller_renderer.rb": [
        null,
        null,
        null,
        null,
        null,
        null,
        null,
        null
      ],
      "/home/carlos/carlos/git/babel/mission-us-backend/config/initializers/backtrace_silencers.rb": [
        null,
        null,
        null,
        null,
        null,
        null,
        null
      ],
      "/home/carlos/carlos/git/babel/mission-us-backend/config/initializers/cors.rb": [
        null,
        null,
        null,
        null,
        null,
        null,
        null,
        null,
        null,
        null,
        null,
        null,
        null,
        null,
        null,
        null
      ],
      "/home/carlos/carlos/git/babel/mission-us-backend/config/initializers/filter_parameter_logging.rb": [
        null,
        null,
        null,
        1
      ],
      "/home/carlos/carlos/git/babel/mission-us-backend/config/initializers/inflections.rb": [
        null,
        null,
        null,
        null,
        null,
        null,
        null,
        null,
        null,
        null,
        null,
        null,
        null,
        null,
        null,
        null
      ],
      "/home/carlos/carlos/git/babel/mission-us-backend/config/initializers/mime_types.rb": [
        null,
        null,
        null,
        null
      ],
      "/home/carlos/carlos/git/babel/mission-us-backend/config/initializers/wrap_parameters.rb": [
        null,
        null,
        null,
        null,
        null,
        null,
        1,
        1,
        null,
        null,
        null,
        null,
        null,
        null
      ],
      "/home/carlos/carlos/git/babel/mission-us-backend/spec/factories/activities.rb": [
        1,
        1,
        1,
        1,
        null,
        null
      ],
      "/home/carlos/carlos/git/babel/mission-us-backend/spec/factories/trail_activities.rb": [
        1,
        1,
        1,
        1,
        1,
        1,
        null,
        null
      ],
      "/home/carlos/carlos/git/babel/mission-us-backend/spec/factories/trails.rb": [
        1,
        1,
        1,
        1,
        null,
        null
      ],
      "/home/carlos/carlos/git/babel/mission-us-backend/spec/factories/user_trails.rb": [
        1,
        1,
        1,
        1,
        null,
        null
      ],
      "/home/carlos/carlos/git/babel/mission-us-backend/spec/factories/users.rb": [
        1,
        1,
        1,
        1,
        1,
        null,
        null
      ],
      "/home/carlos/carlos/git/babel/mission-us-backend/config/routes.rb": [
        1,
        null,
        null
      ],
      "/home/carlos/carlos/git/babel/mission-us-backend/app/models/activity.rb": [
        1,
        1,
        null,
        1,
        1,
        null
      ],
      "/home/carlos/carlos/git/babel/mission-us-backend/app/models/application_record.rb": [
        1,
        1,
        null
      ],
      "/home/carlos/carlos/git/babel/mission-us-backend/spec/models/trail_activity_spec.rb": [
        1,
        null,
        1,
        1,
        1,
        1,
        null,
        null,
        1,
        1,
        1,
        null,
        null
      ],
      "/home/carlos/carlos/git/babel/mission-us-backend/app/models/trail_activity.rb": [
        1,
        1,
        1,
        null,
        1,
        1,
        null
      ],
      "/home/carlos/carlos/git/babel/mission-us-backend/spec/models/trail_spec.rb": [
        1,
        null,
        1,
        1,
        1,
        1,
        null,
        null,
        1,
        1,
        1,
        null,
        null
      ],
      "/home/carlos/carlos/git/babel/mission-us-backend/app/models/trail.rb": [
        1,
        1,
        1,
        null,
        1,
        1,
        null
      ],
      "/home/carlos/carlos/git/babel/mission-us-backend/spec/models/user_spec.rb": [
        1,
        null,
        1,
        1,
        1,
        null,
        null,
        1,
        1,
        1,
        1,
        null,
        null
      ],
      "/home/carlos/carlos/git/babel/mission-us-backend/app/models/user.rb": [
        1,
        1,
        null,
        1,
        1,
        1,
        null
      ],
      "/home/carlos/carlos/git/babel/mission-us-backend/spec/models/user_trail_spec.rb": [
        1,
        null,
        1,
        1,
        1,
        1,
        null,
        null
      ],
      "/home/carlos/carlos/git/babel/mission-us-backend/app/models/user_trail.rb": [
        1,
        1,
        1,
        null
      ]
    },
    "timestamp": 1537218143
  }
}
